#
# A fatal error has been detected by the Java Runtime Environment:
#
#  SIGSEGV (0xb) at pc=0xae2e7fd8, pid=3900, tid=2927405888
#
# JRE version: 6.0_24-b24
# Java VM: OpenJDK Client VM (20.0-b12 mixed mode, sharing linux-x86 )
# Derivative: IcedTea6 1.11.5
# Distribution: Ubuntu 12.10, package 6b24-1.11.5-0ubuntu1~12.10.1
# Problematic frame:
# C  [libdricore9.0.0.so.1+0xacfd8]  _mesa_HashDeleteAll+0x58
#
# If you would like to submit a bug report, please include
# instructions how to reproduce the bug and visit:
#   https://bugs.launchpad.net/ubuntu/+source/openjdk-6/
# The crash happened outside the Java Virtual Machine in native code.
# See problematic frame for where to report the bug.
#

---------------  T H R E A D  ---------------

Current thread (0xb3cb9000):  JavaThread "LWJGL Application" [_thread_in_native, id=3920, stack(0xae77a000,0xae7cb000)]

siginfo:si_signo=SIGSEGV: si_errno=0, si_code=1 (SEGV_MAPERR), si_addr=0x01000004

Registers:
EAX=0x00000371, EBX=0xae5bf000, ECX=0x00000001, EDX=0xb4354430
ESP=0xae7c9ca0, EBP=0xae34d500, ESI=0xb4354430, EDI=0x01000000
EIP=0xae2e7fd8, EFLAGS=0x00210206, CR2=0x01000004

Top of Stack: (sp=0xae7c9ca0)
0xae7c9ca0:   b43af298 b43b1bd8 b4354430 ae3239d3
0xae7c9cb0:   b439ef88 00000000 00000371 b43af298
0xae7c9cc0:   00000000 b4359cd4 00000000 ae5bf000
0xae7c9cd0:   b4354430 b431cc00 b431d378 ae34e2c4
0xae7c9ce0:   b43ae298 ae34d500 b4354430 ae5bf000
0xae7c9cf0:   ae5bf000 ae5bf000 b4354430 ae29e679
0xae7c9d00:   b4354430 b4359e8c 00000000 ae69d000
0xae7c9d10:   ae29e457 ae69d000 b4354430 ae5e7640 

Instructions: (pc=0xae2e7fd8)
0xae2e7fb8:   c6 82 30 10 00 00 01 90 8b 44 24 18 8b 54 24 40
0xae2e7fc8:   8b 3c 82 85 ff 74 28 90 8b 54 24 48 89 54 24 08
0xae2e7fd8:   8b 57 04 89 54 24 04 8b 17 89 14 24 ff d5 8b 77
0xae2e7fe8:   08 89 3c 24 e8 5f 08 f9 ff 85 f6 89 f7 75 d9 8b 

Register to memory mapping:

EAX=0x00000371 is an unknown value
EBX=0xae5bf000: <offset 0x384000> in /usr/lib/i386-linux-gnu/libdricore9.0.0.so.1 at 0xae23b000
ECX=0x00000001 is an unknown value
EDX=0xb4354430 is an unknown value
ESP=0xae7c9ca0 is pointing into the stack for thread: 0xb3cb9000
EBP=0xae34d500: <offset 0x112500> in /usr/lib/i386-linux-gnu/libdricore9.0.0.so.1 at 0xae23b000
ESI=0xb4354430 is an unknown value
EDI=0x01000000 is an unknown value


Stack: [0xae77a000,0xae7cb000],  sp=0xae7c9ca0,  free space=319k
Native frames: (J=compiled Java code, j=interpreted, Vv=VM code, C=native code)
C  [libdricore9.0.0.so.1+0xacfd8]  _mesa_HashDeleteAll+0x58

Java frames: (J=compiled Java code, j=interpreted, Vv=VM code)
j  org.lwjgl.opengl.LinuxContextImplementation.nDestroy(Ljava/nio/ByteBuffer;Ljava/nio/ByteBuffer;)V+0
j  org.lwjgl.opengl.LinuxContextImplementation.destroy(Lorg/lwjgl/opengl/PeerInfo;Ljava/nio/ByteBuffer;)V+10
j  org.lwjgl.opengl.ContextGL.checkDestroy()V+29
j  org.lwjgl.opengl.ContextGL.destroy()V+48
j  org.lwjgl.opengl.ContextGL.forceDestroy()V+5
j  org.lwjgl.opengl.DrawableGL.destroy()V+24
j  org.lwjgl.opengl.Display$5.destroy()V+19
j  org.lwjgl.opengl.Display.destroy()V+9
j  com.badlogic.gdx.backends.lwjgl.LwjglApplication.mainLoop()V+746
j  com.badlogic.gdx.backends.lwjgl.LwjglApplication$1.run()V+27
v  ~StubRoutines::call_stub

---------------  P R O C E S S  ---------------

Java Threads: ( => current thread )
  0xb6906400 JavaThread "DestroyJavaVM" [_thread_blocked, id=3907, stack(0xb6a9e000,0xb6aef000)]
=>0xb3cb9000 JavaThread "LWJGL Application" [_thread_in_native, id=3920, stack(0xae77a000,0xae7cb000)]
  0xb3c7ec00 JavaThread "AWT-XAWT" daemon [_thread_in_native, id=3916, stack(0xb354c000,0xb359d000)]
  0xb3c46400 JavaThread "Java2D Disposer" daemon [_thread_blocked, id=3915, stack(0xb37f6000,0xb3847000)]
  0xb693d400 JavaThread "Low Memory Detector" daemon [_thread_blocked, id=3913, stack(0xb3e09000,0xb3e5a000)]
  0xb693b400 JavaThread "C1 CompilerThread0" daemon [_thread_blocked, id=3912, stack(0xb3e5a000,0xb3edb000)]
  0xb6939c00 JavaThread "Signal Dispatcher" daemon [_thread_blocked, id=3911, stack(0xb3edb000,0xb3f2c000)]
  0xb6935800 JavaThread "Finalizer" daemon [_thread_blocked, id=3910, stack(0xb425e000,0xb42af000)]
  0xb6934000 JavaThread "Reference Handler" daemon [_thread_blocked, id=3909, stack(0xb42af000,0xb4300000)]

Other Threads:
  0xb6932400 VMThread [stack: 0xb4442000,0xb44c3000] [id=3908]
  0xb693f800 WatcherThread [stack: 0xb3d88000,0xb3e09000] [id=3914]

VM state:not at safepoint (normal execution)

VM Mutex/Monitor currently owned by a thread: None

Heap
 def new generation   total 4928K, used 796K [0x6ea30000, 0x6ef80000, 0x794d0000)
  eden space 4416K,  12% used [0x6ea30000, 0x6eabd518, 0x6ee80000)
  from space 512K,  45% used [0x6ee80000, 0x6eeb9e78, 0x6ef00000)
  to   space 512K,   0% used [0x6ef00000, 0x6ef00000, 0x6ef80000)
 tenured generation   total 10944K, used 1418K [0x794d0000, 0x79f80000, 0x8ea30000)
   the space 10944K,  12% used [0x794d0000, 0x79632b60, 0x79632c00, 0x79f80000)
 compacting perm gen  total 12288K, used 5236K [0x8ea30000, 0x8f630000, 0x92a30000)
   the space 12288K,  42% used [0x8ea30000, 0x8ef4d078, 0x8ef4d200, 0x8f630000)
    ro space 10240K,  73% used [0x92a30000, 0x931905b0, 0x93190600, 0x93430000)
    rw space 12288K,  60% used [0x93430000, 0x93b79038, 0x93b79200, 0x94030000)

Code Cache  [0xb4900000, 0xb4a80000, 0xb6900000)
 total_blobs=1005 nmethods=708 adapters=233 free_code_cache=31998976 largest_free_block=64

Dynamic libraries:
08048000-08051000 r-xp 00000000 07:00 267466     /usr/lib/jvm/java-6-openjdk-i386/jre/bin/java
08051000-08052000 r--p 00008000 07:00 267466     /usr/lib/jvm/java-6-openjdk-i386/jre/bin/java
08052000-08053000 rw-p 00009000 07:00 267466     /usr/lib/jvm/java-6-openjdk-i386/jre/bin/java
099c1000-09b0a000 rw-p 00000000 00:00 0          [heap]
6ea30000-6ef80000 rw-p 00000000 00:00 0 
6ef80000-794d0000 rw-p 00000000 00:00 0 
794d0000-79f80000 rw-p 00000000 00:00 0 
79f80000-8ea30000 rw-p 00000000 00:00 0 
8ea30000-8f630000 rw-p 00000000 00:00 0 
8f630000-92a30000 rw-p 00000000 00:00 0 
92a30000-93191000 r--s 00001000 07:00 262411     /usr/lib/jvm/java-6-openjdk-i386/jre/lib/i386/client/classes.jsa
93191000-93430000 rw-p 00000000 00:00 0 
93430000-93b7a000 rw-p 00762000 07:00 262411     /usr/lib/jvm/java-6-openjdk-i386/jre/lib/i386/client/classes.jsa
93b7a000-94030000 rw-p 00000000 00:00 0 
94030000-9412c000 rw-p 00eac000 07:00 262411     /usr/lib/jvm/java-6-openjdk-i386/jre/lib/i386/client/classes.jsa
9412c000-94430000 rw-p 00000000 00:00 0 
94430000-94438000 r-xs 00fa8000 07:00 262411     /usr/lib/jvm/java-6-openjdk-i386/jre/lib/i386/client/classes.jsa
94438000-94830000 rw-p 00000000 00:00 0 
ac9a8000-ac9c8000 r-xp 00000000 07:00 1316524    /tmp/libgdxmaik/1810227264/libgdx-controllers-desktop.so
ac9c8000-ac9c9000 r--p 00020000 07:00 1316524    /tmp/libgdxmaik/1810227264/libgdx-controllers-desktop.so
ac9c9000-ac9ca000 rw-p 00021000 07:00 1316524    /tmp/libgdxmaik/1810227264/libgdx-controllers-desktop.so
acd00000-acda1000 rw-p 00000000 00:00 0 
acda1000-ace00000 ---p 00000000 00:00 0 
acf00000-ad0f0000 rw-p 00000000 00:00 0 
ad0f0000-ad100000 ---p 00000000 00:00 0 
ad100000-ad200000 rw-p 00000000 00:00 0 
ad209000-ad231000 rw-s 19290000 00:05 9142       /dev/dri/card0
ad231000-ad281000 rw-s 19240000 00:05 9142       /dev/dri/card0
ad400000-ad600000 rw-p 00000000 00:00 0 
ad600000-ad6fa000 rw-p 00000000 00:00 0 
ad6fa000-ad700000 ---p 00000000 00:00 0 
ae0cb000-ae122000 rw-p 00000000 00:00 0 
ae129000-ae151000 rw-s 19217000 00:05 9142       /dev/dri/card0
ae1b4000-ae1e4000 r-xp 00000000 07:00 262202     /usr/lib/i386-linux-gnu/libtxc_dxtn_s2tc.so.0.0.0
ae1e4000-ae1e5000 r--p 0002f000 07:00 262202     /usr/lib/i386-linux-gnu/libtxc_dxtn_s2tc.so.0.0.0
ae1e5000-ae1e6000 rw-p 00030000 07:00 262202     /usr/lib/i386-linux-gnu/libtxc_dxtn_s2tc.so.0.0.0
ae1e6000-ae1ef000 r-xp 00000000 07:00 264471     /usr/lib/i386-linux-gnu/libpciaccess.so.0.11.1
ae1ef000-ae1f0000 r--p 00008000 07:00 264471     /usr/lib/i386-linux-gnu/libpciaccess.so.0.11.1
ae1f0000-ae1f1000 rw-p 00009000 07:00 264471     /usr/lib/i386-linux-gnu/libpciaccess.so.0.11.1
ae1f1000-ae211000 r-xp 00000000 07:00 263393     /usr/lib/i386-linux-gnu/libdrm_intel.so.1.0.0
ae211000-ae212000 r--p 0001f000 07:00 263393     /usr/lib/i386-linux-gnu/libdrm_intel.so.1.0.0
ae212000-ae213000 rw-p 00020000 07:00 263393     /usr/lib/i386-linux-gnu/libdrm_intel.so.1.0.0
ae213000-ae238000 r-xp 00000000 07:00 1570757    /lib/i386-linux-gnu/libexpat.so.1.6.0
ae238000-ae23a000 r--p 00025000 07:00 1570757    /lib/i386-linux-gnu/libexpat.so.1.6.0
ae23a000-ae23b000 rw-p 00027000 07:00 1570757    /lib/i386-linux-gnu/libexpat.so.1.6.0
ae23b000-ae5b3000 r-xp 00000000 07:00 331643     /usr/lib/i386-linux-gnu/libdricore9.0.0.so.1.0.0
ae5b3000-ae5b4000 ---p 00378000 07:00 331643     /usr/lib/i386-linux-gnu/libdricore9.0.0.so.1.0.0
ae5b4000-ae5bf000 r--p 00378000 07:00 331643     /usr/lib/i386-linux-gnu/libdricore9.0.0.so.1.0.0
ae5bf000-ae5c4000 rw-p 00383000 07:00 331643     /usr/lib/i386-linux-gnu/libdricore9.0.0.so.1.0.0
ae5c4000-ae5d9000 rw-p 00000000 00:00 0 
ae5d9000-ae69b000 r-xp 00000000 07:00 302019     /usr/lib/i386-linux-gnu/dri/i965_dri.so
ae69b000-ae69d000 r--p 000c1000 07:00 302019     /usr/lib/i386-linux-gnu/dri/i965_dri.so
ae69d000-ae69f000 rw-p 000c3000 07:00 302019     /usr/lib/i386-linux-gnu/dri/i965_dri.so
ae69f000-ae6a0000 rw-p 00000000 00:00 0 
ae6a0000-ae6ab000 r-xp 00000000 07:00 281677     /usr/lib/i386-linux-gnu/libdrm.so.2.4.0
ae6ab000-ae6ac000 r--p 0000a000 07:00 281677     /usr/lib/i386-linux-gnu/libdrm.so.2.4.0
ae6ac000-ae6ad000 rw-p 0000b000 07:00 281677     /usr/lib/i386-linux-gnu/libdrm.so.2.4.0
ae6ad000-ae6b1000 r-xp 00000000 07:00 264798     /usr/lib/i386-linux-gnu/libXxf86vm.so.1.0.0
ae6b1000-ae6b2000 r--p 00003000 07:00 264798     /usr/lib/i386-linux-gnu/libXxf86vm.so.1.0.0
ae6b2000-ae6b3000 rw-p 00004000 07:00 264798     /usr/lib/i386-linux-gnu/libXxf86vm.so.1.0.0
ae6b3000-ae6c9000 r-xp 00000000 07:00 264356     /usr/lib/i386-linux-gnu/libxcb-glx.so.0.0.0
ae6c9000-ae6ca000 r--p 00016000 07:00 264356     /usr/lib/i386-linux-gnu/libxcb-glx.so.0.0.0
ae6ca000-ae6cb000 rw-p 00017000 07:00 264356     /usr/lib/i386-linux-gnu/libxcb-glx.so.0.0.0
ae6cb000-ae722000 r-xp 00000000 07:00 263399     /usr/lib/i386-linux-gnu/mesa/libGL.so.1.2.0
ae722000-ae724000 r--p 00056000 07:00 263399     /usr/lib/i386-linux-gnu/mesa/libGL.so.1.2.0
ae724000-ae729000 rwxp 00058000 07:00 263399     /usr/lib/i386-linux-gnu/mesa/libGL.so.1.2.0
ae729000-ae72c000 ---p 00000000 00:00 0 
ae72c000-ae77a000 rw-p 00000000 00:00 0 
ae77a000-ae77d000 ---p 00000000 00:00 0 
ae77d000-ae7cb000 rw-p 00000000 00:00 0          [stack:3920]
ae7cb000-ae7cc000 ---p 00000000 00:00 0 
ae7cc000-ae8cc000 rw-p 00000000 00:00 0          [stack:3919]
ae8cc000-b28cd000 rw-s 00000000 00:12 57571      /run/shm/pulse-shm-3841894573
b28cd000-b28f6000 rw-p 00000000 00:00 0 
b28f6000-b28f7000 ---p 00000000 00:00 0 
b28f7000-b30f7000 rw-p 00000000 00:00 0          [stack:3918]
b30f7000-b310a000 r-xp 00000000 07:00 1588270    /lib/i386-linux-gnu/libresolv-2.15.so
b310a000-b310b000 r--p 00013000 07:00 1588270    /lib/i386-linux-gnu/libresolv-2.15.so
b310b000-b310c000 rw-p 00014000 07:00 1588270    /lib/i386-linux-gnu/libresolv-2.15.so
b310c000-b310e000 rw-p 00000000 00:00 0 
b310e000-b3114000 r-xp 00000000 07:00 266289     /usr/lib/i386-linux-gnu/libogg.so.0.8.0
b3114000-b3115000 r--p 00005000 07:00 266289     /usr/lib/i386-linux-gnu/libogg.so.0.8.0
b3115000-b3116000 rw-p 00006000 07:00 266289     /usr/lib/i386-linux-gnu/libogg.so.0.8.0
b3116000-b313f000 r-xp 00000000 07:00 266476     /usr/lib/i386-linux-gnu/libvorbis.so.0.4.5
b313f000-b3140000 ---p 00029000 07:00 266476     /usr/lib/i386-linux-gnu/libvorbis.so.0.4.5
b3140000-b3141000 r--p 00029000 07:00 266476     /usr/lib/i386-linux-gnu/libvorbis.so.0.4.5
b3141000-b3142000 rw-p 0002a000 07:00 266476     /usr/lib/i386-linux-gnu/libvorbis.so.0.4.5
b3142000-b32a8000 r-xp 00000000 07:00 266474     /usr/lib/i386-linux-gnu/libvorbisenc.so.2.0.8
b32a8000-b32b9000 r--p 00165000 07:00 266474     /usr/lib/i386-linux-gnu/libvorbisenc.so.2.0.8
b32b9000-b32ba000 rw-p 00176000 07:00 266474     /usr/lib/i386-linux-gnu/libvorbisenc.so.2.0.8
b32ba000-b3308000 r-xp 00000000 07:00 266300     /usr/lib/i386-linux-gnu/libFLAC.so.8.2.0
b3308000-b3309000 r--p 0004e000 07:00 266300     /usr/lib/i386-linux-gnu/libFLAC.so.8.2.0
b3309000-b330a000 rw-p 0004f000 07:00 266300     /usr/lib/i386-linux-gnu/libFLAC.so.8.2.0
b330a000-b3377000 r-xp 00000000 07:00 266526     /usr/lib/i386-linux-gnu/libsndfile.so.1.0.25
b3377000-b3379000 r--p 0006c000 07:00 266526     /usr/lib/i386-linux-gnu/libsndfile.so.1.0.25
b3379000-b337a000 rw-p 0006e000 07:00 266526     /usr/lib/i386-linux-gnu/libsndfile.so.1.0.25
b337a000-b337e000 rw-p 00000000 00:00 0 
b337e000-b33c6000 r-xp 00000000 07:00 1570838    /lib/i386-linux-gnu/libdbus-1.so.3.7.2
b33c6000-b33c7000 r--p 00047000 07:00 1570838    /lib/i386-linux-gnu/libdbus-1.so.3.7.2
b33c7000-b33c8000 rw-p 00048000 07:00 1570838    /lib/i386-linux-gnu/libdbus-1.so.3.7.2
b33c8000-b342a000 r-xp 00000000 07:00 270049     /usr/lib/i386-linux-gnu/pulseaudio/libpulsecommon-2.1.so
b342a000-b342b000 r--p 00061000 07:00 270049     /usr/lib/i386-linux-gnu/pulseaudio/libpulsecommon-2.1.so
b342b000-b342c000 rw-p 00062000 07:00 270049     /usr/lib/i386-linux-gnu/pulseaudio/libpulsecommon-2.1.so
b342c000-b3478000 r-xp 00000000 07:00 266687     /usr/lib/i386-linux-gnu/libpulse.so.0.14.3
b3478000-b3479000 r--p 0004c000 07:00 266687     /usr/lib/i386-linux-gnu/libpulse.so.0.14.3
b3479000-b347a000 rw-p 0004d000 07:00 266687     /usr/lib/i386-linux-gnu/libpulse.so.0.14.3
b347a000-b34c5000 r-xp 00000000 07:00 1316079    /tmp/libgdxmaik/2772169299/libopenal.so
b34c5000-b34c6000 r--p 0004b000 07:00 1316079    /tmp/libgdxmaik/2772169299/libopenal.so
b34c6000-b34c7000 rw-p 0004c000 07:00 1316079    /tmp/libgdxmaik/2772169299/libopenal.so
b34c7000-b34d0000 r-xp 00000000 07:00 266203     /usr/lib/i386-linux-gnu/libXrandr.so.2.2.0
b34d0000-b34d1000 r--p 00008000 07:00 266203     /usr/lib/i386-linux-gnu/libXrandr.so.2.2.0
b34d1000-b34d2000 rw-p 00009000 07:00 266203     /usr/lib/i386-linux-gnu/libXrandr.so.2.2.0
b34d3000-b34d4000 rw-s 18fb8000 00:05 9142       /dev/dri/card0
b34d4000-b34d5000 rw-s 18faa000 00:05 9142       /dev/dri/card0
b34d6000-b34d7000 rw-s 16a98000 00:05 9142       /dev/dri/card0
b34d7000-b34d8000 rw-s 18fd5000 00:05 9142       /dev/dri/card0
b34d8000-b34d9000 rw-s 18fb9000 00:05 9142       /dev/dri/card0
b34d9000-b34e8000 r-xp 00000000 07:00 263404     /usr/lib/i386-linux-gnu/libglapi.so.0.0.0
b34e8000-b34ea000 r--p 0000f000 07:00 263404     /usr/lib/i386-linux-gnu/libglapi.so.0.0.0
b34ea000-b34ef000 rwxp 00011000 07:00 263404     /usr/lib/i386-linux-gnu/libglapi.so.0.0.0
b34ef000-b354a000 r-xp 00000000 07:00 1314489    /tmp/libgdxmaik/2772169299/liblwjgl.so
b354a000-b354b000 r--p 0005a000 07:00 1314489    /tmp/libgdxmaik/2772169299/liblwjgl.so
b354b000-b354c000 rw-p 0005b000 07:00 1314489    /tmp/libgdxmaik/2772169299/liblwjgl.so
b354c000-b354f000 ---p 00000000 00:00 0 
b354f000-b359d000 rw-p 00000000 00:00 0          [stack:3916]
b359d000-b359e000 r--s 00000000 07:00 1444545    /var/cache/fontconfig/c05880de57d1f5e948fdfacc138775d9-le32d4.cache-3
b359e000-b35a4000 r--s 00000000 07:00 1442231    /var/cache/fontconfig/945677eb7aeaf62f1d50efc3fb3ec7d8-le32d4.cache-3
b35a4000-b35a6000 r--s 00000000 07:00 1444452    /var/cache/fontconfig/99e8ed0e538f840c565b6ed5dad60d56-le32d4.cache-3
b35a6000-b3624000 r--s 00000000 07:00 1444408    /var/cache/fontconfig/f77165c3a5c0e6d840970e91000fef78-le32d4.cache-3
b3624000-b362a000 r--s 00000000 07:00 1444392    /var/cache/fontconfig/a6d8cf8e4ec09cdbc8633c31745a07dd-le32d4.cache-3
b362a000-b362d000 r--s 00000000 07:00 1444390    /var/cache/fontconfig/2cd17615ca594fa2959ae173292e504c-le32d4.cache-3
b362d000-b362e000 r--s 00000000 07:00 1444274    /var/cache/fontconfig/e7071f4a29fa870f4323321c154eba04-le32d4.cache-3
b362e000-b362f000 r--s 00000000 07:00 1444273    /var/cache/fontconfig/0d8c3b2ac0904cb8a57a757ad11a4a08-le32d4.cache-3
b362f000-b3633000 r--s 00000000 07:00 1444241    /var/cache/fontconfig/a755afe4a08bf5b97852ceb7400b47bc-le32d4.cache-3
b3633000-b363a000 r--s 00000000 07:00 1444229    /var/cache/fontconfig/6d41288fd70b0be22e8c3a91e032eec0-le32d4.cache-3
b363a000-b3645000 r--s 00000000 07:00 1444226    /var/cache/fontconfig/04aabc0a78ac019cf9454389977116d2-le32d4.cache-3
b3645000-b3646000 r--s 00000000 07:00 1466016    /var/cache/fontconfig/1ac9eb803944fde146138c791f5cc56a-le32d4.cache-3
b3646000-b3649000 r--s 00000000 07:00 1443882    /var/cache/fontconfig/385c0604a188198f04d133e54aba7fe7-le32d4.cache-3
b3649000-b364a000 r--s 00000000 07:00 1466015    /var/cache/fontconfig/dc05db6664285cc2f12bf69c139ae4c3-le32d4.cache-3
b364a000-b364e000 r--s 00000000 07:00 1479184    /var/cache/fontconfig/1c2c2997deddd45e0296fa5a60917b7d-le32d4.cache-3
b364e000-b3650000 r--s 00000000 07:00 1466014    /var/cache/fontconfig/767a8244fc0220cfb567a839d0392e0b-le32d4.cache-3
b3650000-b3651000 r--s 00000000 07:00 1451575    /var/cache/fontconfig/4794a0821666d79190d59a36cb4f44b5-le32d4.cache-3
b3651000-b3654000 r--s 00000000 07:00 1443365    /var/cache/fontconfig/8801497958630a81b71ace7c5f9b32a8-le32d4.cache-3
b3654000-b3677000 r--s 00000000 07:00 1443363    /var/cache/fontconfig/365b55f210c0a22e9a19e35191240f32-le32d4.cache-3
b3677000-b3678000 rw-s 12a97000 00:05 9142       /dev/dri/card0
b3678000-b3686000 rw-s 192e8000 00:05 9142       /dev/dri/card0
b3686000-b3687000 rw-s 18fad000 00:05 9142       /dev/dri/card0
b3687000-b3689000 rw-s 16a99000 00:05 9142       /dev/dri/card0
b368a000-b3691000 rw-s 19210000 00:05 9142       /dev/dri/card0
b369f000-b36a0000 r--s 00000000 07:00 1444545    /var/cache/fontconfig/c05880de57d1f5e948fdfacc138775d9-le32d4.cache-3
b36a0000-b36a6000 r--s 00000000 07:00 1442231    /var/cache/fontconfig/945677eb7aeaf62f1d50efc3fb3ec7d8-le32d4.cache-3
b36a6000-b36a8000 r--s 00000000 07:00 1444452    /var/cache/fontconfig/99e8ed0e538f840c565b6ed5dad60d56-le32d4.cache-3
b36a8000-b3726000 r--s 00000000 07:00 1444408    /var/cache/fontconfig/f77165c3a5c0e6d840970e91000fef78-le32d4.cache-3
b3726000-b372c000 r--s 00000000 07:00 1444392    /var/cache/fontconfig/a6d8cf8e4ec09cdbc8633c31745a07dd-le32d4.cache-3
b372c000-b372f000 r--s 00000000 07:00 1444390    /var/cache/fontconfig/2cd17615ca594fa2959ae173292e504c-le32d4.cache-3
b372f000-b3730000 r--s 00000000 07:00 1444274    /var/cache/fontconfig/e7071f4a29fa870f4323321c154eba04-le32d4.cache-3
b3730000-b3731000 r--s 00000000 07:00 1444273    /var/cache/fontconfig/0d8c3b2ac0904cb8a57a757ad11a4a08-le32d4.cache-3
b3731000-b3735000 r--s 00000000 07:00 1444241    /var/cache/fontconfig/a755afe4a08bf5b97852ceb7400b47bc-le32d4.cache-3
b3735000-b373c000 r--s 00000000 07:00 1444229    /var/cache/fontconfig/6d41288fd70b0be22e8c3a91e032eec0-le32d4.cache-3
b373c000-b3747000 r--s 00000000 07:00 1444226    /var/cache/fontconfig/04aabc0a78ac019cf9454389977116d2-le32d4.cache-3
b3747000-b3748000 r--s 00000000 07:00 1466016    /var/cache/fontconfig/1ac9eb803944fde146138c791f5cc56a-le32d4.cache-3
b3748000-b374b000 r--s 00000000 07:00 1443882    /var/cache/fontconfig/385c0604a188198f04d133e54aba7fe7-le32d4.cache-3
b374b000-b374c000 r--s 00000000 07:00 1466015    /var/cache/fontconfig/dc05db6664285cc2f12bf69c139ae4c3-le32d4.cache-3
b374c000-b3750000 r--s 00000000 07:00 1479184    /var/cache/fontconfig/1c2c2997deddd45e0296fa5a60917b7d-le32d4.cache-3
b3750000-b3752000 r--s 00000000 07:00 1466014    /var/cache/fontconfig/767a8244fc0220cfb567a839d0392e0b-le32d4.cache-3
b3752000-b3753000 r--s 00000000 07:00 1451575    /var/cache/fontconfig/4794a0821666d79190d59a36cb4f44b5-le32d4.cache-3
b3753000-b3756000 r--s 00000000 07:00 1443365    /var/cache/fontconfig/8801497958630a81b71ace7c5f9b32a8-le32d4.cache-3
b3756000-b3779000 r--s 00000000 07:00 1443363    /var/cache/fontconfig/365b55f210c0a22e9a19e35191240f32-le32d4.cache-3
b3779000-b377a000 rw-s 18fae000 00:05 9142       /dev/dri/card0
b377a000-b377b000 rw-s 18fa7000 00:05 9142       /dev/dri/card0
b377f000-b3782000 rw-s 00000000 00:04 58039      /drm mm object (deleted)
b3782000-b3789000 r--s 00000000 07:00 291771     /usr/lib/i386-linux-gnu/gconv/gconv-modules.cache
b3789000-b378d000 r--s 00000000 07:00 1443335    /var/cache/fontconfig/3047814df9a2f067bd2d96a2b9c36e5a-le32d4.cache-3
b378d000-b378e000 r--s 00000000 07:00 1443106    /var/cache/fontconfig/56cf4f4769d0f4abc89a4895d7bd3ae1-le32d4.cache-3
b378e000-b378f000 r--s 00000000 07:00 1443075    /var/cache/fontconfig/b9d506c9ac06c20b433354fa67a72993-le32d4.cache-3
b378f000-b3793000 r--s 00000000 07:00 1443074    /var/cache/fontconfig/b47c4e1ecd0709278f4910c18777a504-le32d4.cache-3
b3793000-b3799000 r--s 00000000 07:00 1442941    /var/cache/fontconfig/52f7bdb7ce746bfd7eaa1985bd9cfa93-le32d4.cache-3
b3799000-b379a000 rw-s 18fa9000 00:05 9142       /dev/dri/card0
b379a000-b379b000 r-xp 00000000 07:00 266536     /usr/lib/i386-linux-gnu/libX11-xcb.so.1.0.0
b379b000-b379c000 r--p 00000000 07:00 266536     /usr/lib/i386-linux-gnu/libX11-xcb.so.1.0.0
b379c000-b379d000 rw-p 00001000 07:00 266536     /usr/lib/i386-linux-gnu/libX11-xcb.so.1.0.0
b379d000-b37a2000 r-xp 00000000 07:00 266237     /usr/lib/i386-linux-gnu/libasyncns.so.0.3.1
b37a2000-b37a3000 r--p 00004000 07:00 266237     /usr/lib/i386-linux-gnu/libasyncns.so.0.3.1
b37a3000-b37a4000 rw-p 00005000 07:00 266237     /usr/lib/i386-linux-gnu/libasyncns.so.0.3.1
b37a4000-b37a9000 r-xp 00000000 07:00 266187     /usr/lib/i386-linux-gnu/libXfixes.so.3.1.0
b37a9000-b37aa000 r--p 00004000 07:00 266187     /usr/lib/i386-linux-gnu/libXfixes.so.3.1.0
b37aa000-b37ab000 rw-p 00005000 07:00 266187     /usr/lib/i386-linux-gnu/libXfixes.so.3.1.0
b37ab000-b37b4000 r-xp 00000000 07:00 266197     /usr/lib/i386-linux-gnu/libXcursor.so.1.0.2
b37b4000-b37b5000 r--p 00008000 07:00 266197     /usr/lib/i386-linux-gnu/libXcursor.so.1.0.2
b37b5000-b37b6000 rw-p 00009000 07:00 266197     /usr/lib/i386-linux-gnu/libXcursor.so.1.0.2
b37b7000-b37b8000 rwxp 00000000 00:00 0 
b37b8000-b37ba000 r-xp 00000000 07:00 266189     /usr/lib/i386-linux-gnu/libXdamage.so.1.1.0
b37ba000-b37bb000 r--p 00001000 07:00 266189     /usr/lib/i386-linux-gnu/libXdamage.so.1.1.0
b37bb000-b37bc000 rw-p 00002000 07:00 266189     /usr/lib/i386-linux-gnu/libXdamage.so.1.1.0
b37bc000-b37c4000 r-xp 00000000 07:00 1570787    /lib/i386-linux-gnu/libwrap.so.0.7.6
b37c4000-b37c5000 r--p 00007000 07:00 1570787    /lib/i386-linux-gnu/libwrap.so.0.7.6
b37c5000-b37c6000 rw-p 00008000 07:00 1570787    /lib/i386-linux-gnu/libwrap.so.0.7.6
b37c6000-b37ce000 r-xp 00000000 07:00 266239     /usr/lib/i386-linux-gnu/libjson.so.0.1.0
b37ce000-b37cf000 r--p 00007000 07:00 266239     /usr/lib/i386-linux-gnu/libjson.so.0.1.0
b37cf000-b37d0000 rw-p 00008000 07:00 266239     /usr/lib/i386-linux-gnu/libjson.so.0.1.0
b37d0000-b37d1000 r-xp 00000000 07:00 267628     /usr/lib/jvm/java-6-openjdk-i386/jre/lib/i386/libjawt.so
b37d1000-b37d2000 r--p 00000000 07:00 267628     /usr/lib/jvm/java-6-openjdk-i386/jre/lib/i386/libjawt.so
b37d2000-b37d3000 rw-p 00001000 07:00 267628     /usr/lib/jvm/java-6-openjdk-i386/jre/lib/i386/libjawt.so
b37d3000-b37e0000 r--s 00000000 07:00 1442863    /var/cache/fontconfig/d52a8644073d54c13679302ca1180695-le32d4.cache-3
b37e0000-b37e6000 r--s 00000000 07:00 1442889    /var/cache/fontconfig/3f7329c5293ffd510edef78f73874cfd-le32d4.cache-3
b37e6000-b37e7000 r--s 00000000 07:00 1466011    /var/cache/fontconfig/0c9eb80ebd1c36541ebe2852d3bb0c49-le32d4.cache-3
b37e7000-b37e8000 r--s 00000000 07:00 1456678    /var/cache/fontconfig/62f91419b9ebdb6975e7e41ab6412357-le32d4.cache-3
b37e8000-b37ea000 r--s 00000000 07:00 1444174    /var/cache/fontconfig/e13b20fdb08344e0e664864cc2ede53d-le32d4.cache-3
b37ea000-b37ed000 r--s 00000000 07:00 1479166    /var/cache/fontconfig/7ef2298fde41cc6eeb7af42e48b7d293-le32d4.cache-3
b37ed000-b37ee000 r--s 00000000 07:00 1464841    /home/maik/.fontconfig/578171f5f238b8a7bb858af08da2de57-le32d4.cache-3
b37ee000-b37f2000 r--s 00000000 07:00 1443335    /var/cache/fontconfig/3047814df9a2f067bd2d96a2b9c36e5a-le32d4.cache-3
b37f2000-b37f6000 r--s 00000000 07:00 1443074    /var/cache/fontconfig/b47c4e1ecd0709278f4910c18777a504-le32d4.cache-3
b37f6000-b37f9000 ---p 00000000 00:00 0 
b37f9000-b3847000 rw-p 00000000 00:00 0          [stack:3915]
b3847000-b38dc000 r-xp 00000000 07:00 266241     /usr/lib/i386-linux-gnu/libfreetype.so.6.9.0
b38dc000-b38e0000 r--p 00094000 07:00 266241     /usr/lib/i386-linux-gnu/libfreetype.so.6.9.0
b38e0000-b38e1000 rw-p 00098000 07:00 266241     /usr/lib/i386-linux-gnu/libfreetype.so.6.9.0
b38e1000-b391b000 r-xp 00000000 07:00 267715     /usr/lib/jvm/java-6-openjdk-i386/jre/lib/i386/libfontmanager.so
b391b000-b391c000 r--p 00039000 07:00 267715     /usr/lib/jvm/java-6-openjdk-i386/jre/lib/i386/libfontmanager.so
b391c000-b391d000 rw-p 0003a000 07:00 267715     /usr/lib/jvm/java-6-openjdk-i386/jre/lib/i386/libfontmanager.so
b391d000-b3922000 r-xp 00000000 07:00 285337     /usr/lib/i386-linux-gnu/libXdmcp.so.6.0.0
b3922000-b3923000 r--p 00004000 07:00 285337     /usr/lib/i386-linux-gnu/libXdmcp.so.6.0.0
b3923000-b3924000 rw-p 00005000 07:00 285337     /usr/lib/i386-linux-gnu/libXdmcp.so.6.0.0
b3924000-b3944000 r-xp 00000000 07:00 261881     /usr/lib/i386-linux-gnu/libxcb.so.1.1.0
b3944000-b3945000 r--p 0001f000 07:00 261881     /usr/lib/i386-linux-gnu/libxcb.so.1.1.0
b3945000-b3946000 rw-p 00020000 07:00 261881     /usr/lib/i386-linux-gnu/libxcb.so.1.1.0
b3946000-b3954000 r-xp 00000000 07:00 266191     /usr/lib/i386-linux-gnu/libXi.so.6.1.0
b3954000-b3955000 r--p 0000d000 07:00 266191     /usr/lib/i386-linux-gnu/libXi.so.6.1.0
b3955000-b3956000 rw-p 0000e000 07:00 266191     /usr/lib/i386-linux-gnu/libXi.so.6.1.0
b3956000-b395b000 r-xp 00000000 07:00 266835     /usr/lib/i386-linux-gnu/libXtst.so.6.1.0
b395b000-b395c000 r--p 00004000 07:00 266835     /usr/lib/i386-linux-gnu/libXtst.so.6.1.0
b395c000-b395d000 rw-p 00005000 07:00 266835     /usr/lib/i386-linux-gnu/libXtst.so.6.1.0
b395d000-b3965000 r-xp 00000000 07:00 266776     /usr/lib/i386-linux-gnu/libXrender.so.1.3.0
b3965000-b3966000 r--p 00007000 07:00 266776     /usr/lib/i386-linux-gnu/libXrender.so.1.3.0
b3966000-b3967000 rw-p 00008000 07:00 266776     /usr/lib/i386-linux-gnu/libXrender.so.1.3.0
b3967000-b3a99000 r-xp 00000000 07:00 285370     /usr/lib/i386-linux-gnu/libX11.so.6.3.0
b3a99000-b3a9a000 r--p 00132000 07:00 285370     /usr/lib/i386-linux-gnu/libX11.so.6.3.0
b3a9a000-b3a9d000 rw-p 00133000 07:00 285370     /usr/lib/i386-linux-gnu/libX11.so.6.3.0
b3a9d000-b3aad000 r-xp 00000000 07:00 262621     /usr/lib/i386-linux-gnu/libXext.so.6.4.0
b3aad000-b3aae000 r--p 0000f000 07:00 262621     /usr/lib/i386-linux-gnu/libXext.so.6.4.0
b3aae000-b3aaf000 rw-p 00010000 07:00 262621     /usr/lib/i386-linux-gnu/libXext.so.6.4.0
b3aaf000-b3ab5000 r--s 00000000 07:00 1442941    /var/cache/fontconfig/52f7bdb7ce746bfd7eaa1985bd9cfa93-le32d4.cache-3
b3ab5000-b3ac2000 r--s 00000000 07:00 1442863    /var/cache/fontconfig/d52a8644073d54c13679302ca1180695-le32d4.cache-3
b3ac2000-b3ac8000 r--s 00000000 07:00 1442889    /var/cache/fontconfig/3f7329c5293ffd510edef78f73874cfd-le32d4.cache-3
b3ac8000-b3ac9000 r--s 00000000 07:00 1466011    /var/cache/fontconfig/0c9eb80ebd1c36541ebe2852d3bb0c49-le32d4.cache-3
b3ac9000-b3aca000 r--s 00000000 07:00 1456678    /var/cache/fontconfig/62f91419b9ebdb6975e7e41ab6412357-le32d4.cache-3
b3aca000-b3acc000 r--s 00000000 07:00 1444174    /var/cache/fontconfig/e13b20fdb08344e0e664864cc2ede53d-le32d4.cache-3
b3acc000-b3b65000 r-xp 00000000 07:00 267616     /usr/lib/jvm/java-6-openjdk-i386/jre/lib/i386/libawt.so
b3b65000-b3b66000 r--p 00098000 07:00 267616     /usr/lib/jvm/java-6-openjdk-i386/jre/lib/i386/libawt.so
b3b66000-b3b6d000 rw-p 00099000 07:00 267616     /usr/lib/jvm/java-6-openjdk-i386/jre/lib/i386/libawt.so
b3b6d000-b3b91000 rw-p 00000000 00:00 0 
b3b91000-b3bfe000 r-xp 00000000 07:00 1314435    /tmp/libgdxmaik/692530344/libgdx.so
b3bfe000-b3bff000 r--p 0006d000 07:00 1314435    /tmp/libgdxmaik/692530344/libgdx.so
b3bff000-b3c00000 rw-p 0006e000 07:00 1314435    /tmp/libgdxmaik/692530344/libgdx.so
b3c00000-b3cc1000 rw-p 00000000 00:00 0 
b3cc1000-b3d00000 ---p 00000000 00:00 0 
b3d00000-b3d03000 r--s 00000000 07:00 1479166    /var/cache/fontconfig/7ef2298fde41cc6eeb7af42e48b7d293-le32d4.cache-3
b3d03000-b3d4f000 r-xp 00000000 07:00 280785     /usr/lib/jvm/java-6-openjdk-i386/jre/lib/i386/xawt/libmawt.so
b3d4f000-b3d50000 r--p 0004b000 07:00 280785     /usr/lib/jvm/java-6-openjdk-i386/jre/lib/i386/xawt/libmawt.so
b3d50000-b3d52000 rw-p 0004c000 07:00 280785     /usr/lib/jvm/java-6-openjdk-i386/jre/lib/i386/xawt/libmawt.so
b3d52000-b3d53000 rw-p 00000000 00:00 0 
b3d53000-b3d5a000 r--s 000fb000 07:00 266811     /usr/lib/jvm/java-6-openjdk-common/jre/lib/resources.jar
b3d5a000-b3d5b000 r--s 00102000 07:00 1510503    /home/maik/.m2/repository/extensions/gdx-controllers-desktop-natives/0.9.9-SNAPSHOT/gdx-controllers-desktop-natives-0.9.9-SNAPSHOT.jar
b3d5b000-b3d5c000 r--s 00004000 07:00 1510498    /home/maik/.m2/repository/extensions/gdx-controllers-desktop/0.9.9-SNAPSHOT/gdx-controllers-desktop-0.9.9-SNAPSHOT.jar
b3d5c000-b3d5d000 r--s 00002000 07:00 1510528    /home/maik/.m2/repository/net/java/jinput/jinput-platform/2.0.5/jinput-platform-2.0.5-natives-osx.jar
b3d5d000-b3d5e000 r--s 00025000 07:00 1510527    /home/maik/.m2/repository/net/java/jinput/jinput-platform/2.0.5/jinput-platform-2.0.5-natives-windows.jar
b3d5e000-b3d5f000 r--s 00002000 07:00 1510526    /home/maik/.m2/repository/net/java/jinput/jinput-platform/2.0.5/jinput-platform-2.0.5-natives-linux.jar
b3d5f000-b3d60000 r--s 00001000 07:00 1510525    /home/maik/.m2/repository/net/java/jutils/jutils/1.0.0/jutils-1.0.0.jar
b3d60000-b3d64000 r--s 0002f000 07:00 1510524    /home/maik/.m2/repository/net/java/jinput/jinput/2.0.5/jinput-2.0.5.jar
b3d64000-b3d65000 r--s 00059000 07:00 1510523    /home/maik/.m2/repository/org/lwjgl/lwjgl/lwjgl-platform/2.8.4/lwjgl-platform-2.8.4-natives-osx.jar
b3d65000-b3d66000 r--s 00086000 07:00 1510522    /home/maik/.m2/repository/org/lwjgl/lwjgl/lwjgl-platform/2.8.4/lwjgl-platform-2.8.4-natives-linux.jar
b3d66000-b3d68000 r--s 00088000 07:00 1510521    /home/maik/.m2/repository/org/lwjgl/lwjgl/lwjgl-platform/2.8.4/lwjgl-platform-2.8.4-natives-windows.jar
b3d68000-b3d75000 r--s 000d9000 07:00 1510520    /home/maik/.m2/repository/org/lwjgl/lwjgl/lwjgl/2.8.4/lwjgl-2.8.4.jar
b3d75000-b3d88000 r--s 00118000 07:00 1510137    /home/maik/.m2/repository/com/badlogic/gdx/gdx/0.9.9-SNAPSHOT/gdx-0.9.9-SNAPSHOT.jar
b3d88000-b3d89000 ---p 00000000 00:00 0 
b3d89000-b3e09000 rw-p 00000000 00:00 0          [stack:3914]
b3e09000-b3e0c000 ---p 00000000 00:00 0 
b3e0c000-b3e5a000 rw-p 00000000 00:00 0          [stack:3913]
b3e5a000-b3e5d000 ---p 00000000 00:00 0 
b3e5d000-b3edb000 rw-p 00000000 00:00 0          [stack:3912]
b3edb000-b3ede000 ---p 00000000 00:00 0 
b3ede000-b3f2c000 rw-p 00000000 00:00 0          [stack:3911]
b3f2c000-b405e000 r--p 0036f000 07:00 270034     /usr/lib/locale/locale-archive
b405e000-b425e000 r--p 00000000 07:00 270034     /usr/lib/locale/locale-archive
b425e000-b4261000 ---p 00000000 00:00 0 
b4261000-b42af000 rw-p 00000000 00:00 0          [stack:3910]
b42af000-b42b2000 ---p 00000000 00:00 0 
b42b2000-b4300000 rw-p 00000000 00:00 0          [stack:3909]
b4300000-b4400000 rw-p 00000000 00:00 0 
b4400000-b4401000 r--s 00000000 07:00 1443106    /var/cache/fontconfig/56cf4f4769d0f4abc89a4895d7bd3ae1-le32d4.cache-3
b4401000-b4402000 r--s 00000000 07:00 1443075    /var/cache/fontconfig/b9d506c9ac06c20b433354fa67a72993-le32d4.cache-3
b4402000-b4442000 r--p 0032d000 07:00 270034     /usr/lib/locale/locale-archive
b4442000-b4443000 ---p 00000000 00:00 0 
b4443000-b44f6000 rw-p 00000000 00:00 0          [stack:3908]
b44f6000-b4688000 r--s 037c2000 07:00 267718     /usr/lib/jvm/java-6-openjdk-i386/jre/lib/rt.jar
b4688000-b468f000 rw-p 00000000 00:00 0 
b468f000-b46a9000 rw-p 00000000 00:00 0 
b46a9000-b46af000 rw-p 00000000 00:00 0 
b46af000-b4754000 rw-p 00000000 00:00 0 
b4754000-b4757000 rw-p 00000000 00:00 0 
b4757000-b47a9000 rw-p 00000000 00:00 0 
b47a9000-b47af000 rw-p 00000000 00:00 0 
b47af000-b4854000 rw-p 00000000 00:00 0 
b4854000-b485a000 rw-p 00000000 00:00 0 
b485a000-b4874000 rw-p 00000000 00:00 0 
b4874000-b4886000 rw-p 00000000 00:00 0 
b4886000-b4900000 rw-p 00000000 00:00 0 
b4900000-b4a80000 rwxp 00000000 00:00 0 
b4a80000-b69fa000 rw-p 00000000 00:00 0 
b69fa000-b6a00000 ---p 00000000 00:00 0 
b6a00000-b6a01000 r--s 00000000 07:00 1464841    /home/maik/.fontconfig/578171f5f238b8a7bb858af08da2de57-le32d4.cache-3
b6a01000-b6a03000 r-xp 00000000 07:00 266641     /usr/lib/i386-linux-gnu/libXau.so.6.0.0
b6a03000-b6a04000 r--p 00001000 07:00 266641     /usr/lib/i386-linux-gnu/libXau.so.6.0.0
b6a04000-b6a05000 rw-p 00002000 07:00 266641     /usr/lib/i386-linux-gnu/libXau.so.6.0.0
b6a05000-b6a06000 r--s 00049000 07:00 1510497    /home/maik/.m2/repository/com/badlogic/gdx/gdx-platform/0.9.9-SNAPSHOT/gdx-platform-0.9.9-SNAPSHOT-natives-mac.jar
b6a06000-b6a07000 r--s 00063000 07:00 1510496    /home/maik/.m2/repository/com/badlogic/gdx/gdx-platform/0.9.9-SNAPSHOT/gdx-platform-0.9.9-SNAPSHOT-natives-linux.jar
b6a07000-b6a08000 r--s 00072000 07:00 1510494    /home/maik/.m2/repository/com/badlogic/gdx/gdx-platform/0.9.9-SNAPSHOT/gdx-platform-0.9.9-SNAPSHOT-natives-win.jar
b6a08000-b6a0d000 r--s 00040000 07:00 1510491    /home/maik/.m2/repository/com/badlogic/gdx/gdx-backend-lwjgl/0.9.9-SNAPSHOT/gdx-backend-lwjgl-0.9.9-SNAPSHOT.jar
b6a0d000-b6a0e000 r--s 00002000 07:00 1510118    /home/maik/.m2/repository/extensions/gdx-controllers/0.9.9-SNAPSHOT/gdx-controllers-0.9.9-SNAPSHOT.jar
b6a0e000-b6a11000 r--s 00031000 07:00 266796     /usr/lib/jvm/java-6-openjdk-common/jre/lib/ext/sunjce_provider.jar
b6a11000-b6a13000 r--s 0000f000 07:00 266801     /usr/lib/jvm/java-6-openjdk-common/jre/lib/ext/pulse-java.jar
b6a13000-b6a16000 r--s 00077000 07:00 266793     /usr/lib/jvm/java-6-openjdk-common/jre/lib/ext/localedata.jar
b6a16000-b6a18000 r--s 00006000 07:00 532142     /usr/share/java/java-atk-wrapper.jar
b6a18000-b6a1f000 rw-p 00000000 00:00 0 
b6a1f000-b6a2a000 r-xp 00000000 07:00 1588268    /lib/i386-linux-gnu/libnss_files-2.15.so
b6a2a000-b6a2b000 r--p 0000a000 07:00 1588268    /lib/i386-linux-gnu/libnss_files-2.15.so
b6a2b000-b6a2c000 rw-p 0000b000 07:00 1588268    /lib/i386-linux-gnu/libnss_files-2.15.so
b6a2c000-b6a42000 r-xp 00000000 07:00 1588285    /lib/i386-linux-gnu/libnsl-2.15.so
b6a42000-b6a43000 r--p 00015000 07:00 1588285    /lib/i386-linux-gnu/libnsl-2.15.so
b6a43000-b6a44000 rw-p 00016000 07:00 1588285    /lib/i386-linux-gnu/libnsl-2.15.so
b6a44000-b6a46000 rw-p 00000000 00:00 0 
b6a46000-b6a4d000 r-xp 00000000 07:00 1588266    /lib/i386-linux-gnu/libnss_compat-2.15.so
b6a4d000-b6a4e000 r--p 00006000 07:00 1588266    /lib/i386-linux-gnu/libnss_compat-2.15.so
b6a4e000-b6a4f000 rw-p 00007000 07:00 1588266    /lib/i386-linux-gnu/libnss_compat-2.15.so
b6a4f000-b6a53000 r--s 00038000 07:00 266784     /usr/lib/jvm/java-6-openjdk-common/jre/lib/ext/sunpkcs11.jar
b6a53000-b6a55000 r--s 00001000 07:00 266799     /usr/lib/jvm/java-6-openjdk-common/jre/lib/ext/dnsns.jar
b6a55000-b6a5b000 rw-p 00000000 00:00 0 
b6a5b000-b6a62000 r-xp 00000000 07:00 267622     /usr/lib/jvm/java-6-openjdk-i386/jre/lib/i386/libzip.so
b6a62000-b6a63000 r--p 00006000 07:00 267622     /usr/lib/jvm/java-6-openjdk-i386/jre/lib/i386/libzip.so
b6a63000-b6a64000 rw-p 00007000 07:00 267622     /usr/lib/jvm/java-6-openjdk-i386/jre/lib/i386/libzip.so
b6a64000-b6a6c000 rw-s 00000000 07:00 1308267    /tmp/hsperfdata_maik/3900
b6a6c000-b6a92000 r-xp 00000000 07:00 267604     /usr/lib/jvm/java-6-openjdk-i386/jre/lib/i386/libjava.so
b6a92000-b6a93000 r--p 00026000 07:00 267604     /usr/lib/jvm/java-6-openjdk-i386/jre/lib/i386/libjava.so
b6a93000-b6a95000 rw-p 00027000 07:00 267604     /usr/lib/jvm/java-6-openjdk-i386/jre/lib/i386/libjava.so
b6a95000-b6a9c000 r-xp 00000000 07:00 1588272    /lib/i386-linux-gnu/librt-2.15.so
b6a9c000-b6a9d000 r--p 00006000 07:00 1588272    /lib/i386-linux-gnu/librt-2.15.so
b6a9d000-b6a9e000 rw-p 00007000 07:00 1588272    /lib/i386-linux-gnu/librt-2.15.so
b6a9e000-b6aa1000 ---p 00000000 00:00 0 
b6aa1000-b6aef000 rw-p 00000000 00:00 0          [stack:3907]
b6aef000-b6b0b000 r-xp 00000000 07:00 1570817    /lib/i386-linux-gnu/libgcc_s.so.1
b6b0b000-b6b0c000 r--p 0001b000 07:00 1570817    /lib/i386-linux-gnu/libgcc_s.so.1
b6b0c000-b6b0d000 rw-p 0001c000 07:00 1570817    /lib/i386-linux-gnu/libgcc_s.so.1
b6b0d000-b6b37000 r-xp 00000000 07:00 1588276    /lib/i386-linux-gnu/libm-2.15.so
b6b37000-b6b38000 r--p 00029000 07:00 1588276    /lib/i386-linux-gnu/libm-2.15.so
b6b38000-b6b39000 rw-p 0002a000 07:00 1588276    /lib/i386-linux-gnu/libm-2.15.so
b6b39000-b6c15000 r-xp 00000000 07:00 290587     /usr/lib/i386-linux-gnu/libstdc++.so.6.0.17
b6c15000-b6c16000 ---p 000dc000 07:00 290587     /usr/lib/i386-linux-gnu/libstdc++.so.6.0.17
b6c16000-b6c1a000 r--p 000dc000 07:00 290587     /usr/lib/i386-linux-gnu/libstdc++.so.6.0.17
b6c1a000-b6c1b000 rw-p 000e0000 07:00 290587     /usr/lib/i386-linux-gnu/libstdc++.so.6.0.17
b6c1b000-b6c22000 rw-p 00000000 00:00 0 
b6c22000-b7133000 r-xp 00000000 07:00 267646     /usr/lib/jvm/java-6-openjdk-i386/jre/lib/i386/client/libjvm.so
b7133000-b714a000 r--p 00511000 07:00 267646     /usr/lib/jvm/java-6-openjdk-i386/jre/lib/i386/client/libjvm.so
b714a000-b7157000 rw-p 00528000 07:00 267646     /usr/lib/jvm/java-6-openjdk-i386/jre/lib/i386/client/libjvm.so
b7157000-b7571000 rw-p 00000000 00:00 0 
b7571000-b7588000 r-xp 00000000 07:00 1570718    /lib/i386-linux-gnu/libz.so.1.2.7
b7588000-b7589000 r--p 00016000 07:00 1570718    /lib/i386-linux-gnu/libz.so.1.2.7
b7589000-b758a000 rw-p 00017000 07:00 1570718    /lib/i386-linux-gnu/libz.so.1.2.7
b758a000-b772d000 r-xp 00000000 07:00 1570879    /lib/i386-linux-gnu/libc-2.15.so
b772d000-b772e000 ---p 001a3000 07:00 1570879    /lib/i386-linux-gnu/libc-2.15.so
b772e000-b7730000 r--p 001a3000 07:00 1570879    /lib/i386-linux-gnu/libc-2.15.so
b7730000-b7731000 rw-p 001a5000 07:00 1570879    /lib/i386-linux-gnu/libc-2.15.so
b7731000-b7734000 rw-p 00000000 00:00 0 
b7734000-b7737000 r-xp 00000000 07:00 1588280    /lib/i386-linux-gnu/libdl-2.15.so
b7737000-b7738000 r--p 00002000 07:00 1588280    /lib/i386-linux-gnu/libdl-2.15.so
b7738000-b7739000 rw-p 00003000 07:00 1588280    /lib/i386-linux-gnu/libdl-2.15.so
b7739000-b773d000 r-xp 00000000 07:00 267631     /usr/lib/jvm/java-6-openjdk-i386/jre/lib/i386/jli/libjli.so
b773d000-b773e000 r--p 00003000 07:00 267631     /usr/lib/jvm/java-6-openjdk-i386/jre/lib/i386/jli/libjli.so
b773e000-b773f000 rw-p 00004000 07:00 267631     /usr/lib/jvm/java-6-openjdk-i386/jre/lib/i386/jli/libjli.so
b773f000-b7756000 r-xp 00000000 07:00 1588274    /lib/i386-linux-gnu/libpthread-2.15.so
b7756000-b7757000 r--p 00016000 07:00 1588274    /lib/i386-linux-gnu/libpthread-2.15.so
b7757000-b7758000 rw-p 00017000 07:00 1588274    /lib/i386-linux-gnu/libpthread-2.15.so
b7758000-b775b000 rw-p 00000000 00:00 0 
b775b000-b7765000 r-xp 00000000 07:00 1588273    /lib/i386-linux-gnu/libnss_nis-2.15.so
b7765000-b7766000 r--p 00009000 07:00 1588273    /lib/i386-linux-gnu/libnss_nis-2.15.so
b7766000-b7767000 rw-p 0000a000 07:00 1588273    /lib/i386-linux-gnu/libnss_nis-2.15.so
b7767000-b7768000 rw-p 00000000 00:00 0 
b7768000-b7769000 r--p 00000000 00:00 0 
b7769000-b7776000 r-xp 00000000 07:00 267676     /usr/lib/jvm/java-6-openjdk-i386/jre/lib/i386/libverify.so
b7776000-b7777000 r--p 0000c000 07:00 267676     /usr/lib/jvm/java-6-openjdk-i386/jre/lib/i386/libverify.so
b7777000-b7778000 rw-p 0000d000 07:00 267676     /usr/lib/jvm/java-6-openjdk-i386/jre/lib/i386/libverify.so
b7778000-b777a000 rw-p 00000000 00:00 0 
b777a000-b777b000 r-xp 00000000 00:00 0          [vdso]
b777b000-b779b000 r-xp 00000000 07:00 1588277    /lib/i386-linux-gnu/ld-2.15.so
b779b000-b779c000 r--p 0001f000 07:00 1588277    /lib/i386-linux-gnu/ld-2.15.so
b779c000-b779d000 rw-p 00020000 07:00 1588277    /lib/i386-linux-gnu/ld-2.15.so
bfbbe000-bfbdf000 rw-p 00000000 00:00 0          [stack]

VM Arguments:
jvm_args: -Dfile.encoding=UTF-8 
java_command: net.catacombsnatch.game.java.CatacombSnatchGameDesktop
Launcher Type: SUN_STANDARD

Environment Variables:
PATH=/usr/local/sbin:/usr/local/bin:/usr/sbin:/usr/bin:/sbin:/bin:/usr/games:/usr/local/games
USERNAME=maik
LD_LIBRARY_PATH=/usr/lib/jvm/java-6-openjdk-i386/jre/lib/i386/client:/usr/lib/jvm/java-6-openjdk-i386/jre/lib/i386:/usr/lib/jvm/java-6-openjdk-i386/jre/../lib/i386:/usr/lib/jvm/java-7-openjdk-i386/jre/lib/i386/client:/usr/lib/jvm/java-7-openjdk-i386/jre/lib/i386:
SHELL=/bin/bash
DISPLAY=:0

Signal Handlers:
SIGSEGV: [libjvm.so+0x3efae0], sa_mask[0]=0x7ffbfeff, sa_flags=0x10000004
SIGBUS: [libjvm.so+0x3efae0], sa_mask[0]=0x7ffbfeff, sa_flags=0x10000004
SIGFPE: [libjvm.so+0x30cac0], sa_mask[0]=0x7ffbfeff, sa_flags=0x10000004
SIGPIPE: [libjvm.so+0x30cac0], sa_mask[0]=0x7ffbfeff, sa_flags=0x10000004
SIGXFSZ: [libjvm.so+0x30cac0], sa_mask[0]=0x7ffbfeff, sa_flags=0x10000004
SIGILL: [libjvm.so+0x30cac0], sa_mask[0]=0x7ffbfeff, sa_flags=0x10000004
SIGUSR1: SIG_DFL, sa_mask[0]=0x00000000, sa_flags=0x00000000
SIGUSR2: [libjvm.so+0x30c960], sa_mask[0]=0x00000004, sa_flags=0x10000004
SIGHUP: [libjvm.so+0x30f6e0], sa_mask[0]=0x7ffbfeff, sa_flags=0x10000004
SIGINT: [libjvm.so+0x30f6e0], sa_mask[0]=0x7ffbfeff, sa_flags=0x10000004
SIGTERM: [libjvm.so+0x30f6e0], sa_mask[0]=0x7ffbfeff, sa_flags=0x10000004
SIGQUIT: [libjvm.so+0x30f6e0], sa_mask[0]=0x7ffbfeff, sa_flags=0x10000004


---------------  S Y S T E M  ---------------

OS:Ubuntu 12.10 (quantal)
uname:Linux 3.7.0-4-generic #12-Ubuntu SMP Wed Nov 28 00:00:47 UTC 2012 i686
libc:glibc 2.15 NPTL 2.15 
rlimit: STACK 8192k, CORE 0k, NPROC 15457, NOFILE 4096, AS infinity
load average:3.65 2.26 2.01

/proc/meminfo:
MemTotal:        1994464 kB
MemFree:          144216 kB
Buffers:          227176 kB
Cached:           374252 kB
SwapCached:        28616 kB
Active:           843708 kB
Inactive:         927632 kB
Active(anon):     647736 kB
Inactive(anon):   720976 kB
Active(file):     195972 kB
Inactive(file):   206656 kB
Unevictable:        2672 kB
Mlocked:              64 kB
HighTotal:       1112452 kB
HighFree:          16788 kB
LowTotal:         882012 kB
LowFree:          127428 kB
SwapTotal:        262140 kB
SwapFree:              0 kB
Dirty:               388 kB
Writeback:             0 kB
AnonPages:       1143976 kB
Mapped:           120588 kB
Shmem:            196160 kB
Slab:              47580 kB
SReclaimable:      31356 kB
SUnreclaim:        16224 kB
KernelStack:        4048 kB
PageTables:        10984 kB
NFS_Unstable:          0 kB
Bounce:                0 kB
WritebackTmp:          0 kB
CommitLimit:     1259372 kB
Committed_AS:    4443536 kB
VmallocTotal:     122880 kB
VmallocUsed:       13368 kB
VmallocChunk:     108100 kB
HardwareCorrupted:     0 kB
AnonHugePages:         0 kB
HugePages_Total:       0
HugePages_Free:        0
HugePages_Rsvd:        0
HugePages_Surp:        0
Hugepagesize:       2048 kB
DirectMap4k:       10232 kB
DirectMap2M:      903168 kB


CPU:total 1 (1 cores per cpu, 1 threads per core) family 6 model 23 stepping 10, cmov, cx8, fxsr, mmx, sse, sse2, sse3, ssse3

Memory: 4k page, physical 1994464k(144216k free), swap 262140k(0k free)

vm_info: OpenJDK Client VM (20.0-b12) for linux-x86 JRE (1.6.0_24-b24), built on Oct 24 2012 15:48:58 by "buildd" with gcc 4.7.2

time: Fri Apr 12 21:50:32 2013
elapsed time: 47 seconds

